The zookeeper is waking the animals up!
Carla the cat has woken up!
Charlie the cat has woken up!
Leonard the lion has woken up!
Leah the lion has woken up!
Tammy the tiger has woken up!
Tyler the tiger has woken up!
Darius the dog is stretching as it wakes up!
Darla the dog is stretching as it wakes up!
Wendy the wolf is stretching as it wakes up!
Willis the wolf is stretching as it wakes up!
Henry the hippo has woken up!
Hillary the hippo has woken up!
Remy the rhino has woken up!
Rachel the rhino has woken up!
Eloise the elephant has woken up!
Elbert the elephant has woken up!
The zookeeper is giving a roll call!
Carla the cat is meowing!
Charlie the cat is meowing!
Leonard the lion is roaring!
Leah the lion is roaring!
Tammy the tiger is purring!
Tyler the tiger is purring!
Darius the dog is barking!
Darla the dog is barking!
Wendy the wolf is barking!
Willis the wolf is barking!
Henry the hippo is honking!
Hillary the hippo is honking!
Remy the rhino is making a trumpet noise! So cute!
Rachel the rhino is making a trumpet noise! So cute!
Eloise the elephant is making noise!
Elbert the elephant is making noise!
The zookeeper is feeding the animals!
Carla the cat is eating!
Charlie the cat is eating!
Leonard the lion is eating!
Leah the lion is eating!
Tammy the tiger is eating!
Tyler the tiger is eating!
Darius the dog is eating!
Darla the dog is eating!
Wendy the wolf scarfing their food!
Willis the wolf scarfing their food!
Henry the hippo is eating!
Hillary the hippo is eating!
Remy the rhino is eating!
Rachel the rhino is eating!
Eloise the elephant is slurping their food with their trunk!
Elbert the elephant is slurping their food with their trunk!
The zookeeper is playing with the animals!
Carla the cat is roaming around!
Charlie the cat is roaming around!
Leonard the lion is prowling!
Leah the lion is prowling!
Tammy the tiger is crouching!
Tyler the tiger is crouching!
Darius the dog is running around and wagging their tail!
Darla the dog is running around and wagging their tail!
Wendy the wolf is roaming around!
Willis the wolf is roaming around!
Henry the hippo is stomping around!
Hillary the hippo is stomping around!
Remy the rhino is sniffing around!
Rachel the rhino is sniffing around!
Eloise the elephant is stomping around!
Elbert the elephant is stomping around!
The zookeeper is putting the animals to sleep.
Carla the cat is jumping everywhere!
Charlie the cat is jumping everywhere!
Leonard the lion has gone to sleep!
Leah the lion has gone to sleep!
Tammy the tiger has gone to sleep!
Tyler the tiger has gone to sleep!
Darius the dog has gone to sleep!
Darla the dog has gone to sleep!
Wendy the wolf has gone to sleep!
Willis the wolf has gone to sleep!
Henry the hippo has gone to sleep!
Hillary the hippo has gone to sleep!
Remy the rhino has gone to sleep!
Rachel the rhino has gone to sleep!
Eloise the elephant tried to cuddle with the Zookeeper!
Elbert the elephant has fallen asleep!
